2020-07-10 17:11:09:DEBUG:physical GPU:0
2020-07-10 17:11:09:DEBUG:logical GPU:0
2020-07-10 17:11:09:DEBUG:physical CPU:1
2020-07-10 17:11:09:WARNING:There are non-GPU devices in `tf.distribute.Strategy`, not using nccl allreduce.
2020-07-10 17:11:09:INFO:Using MirroredStrategy with devices ('/job:localhost/replica:0/task:0/device:CPU:0',)
2020-07-10 17:11:09:INFO:分布式策略可使用设备数量:1
2020-07-10 17:12:04:INFO:加载模型
2020-07-10 17:12:19:INFO:步数:100 => 探索期 => epsilon:0.09825174999999976 => 本次行为:0 => 本次奖励:0.1 => 累计分数:0
2020-07-10 17:12:22:INFO:步数:110 => 探索期 => epsilon:0.0977522499999997 => 本次行为:1 => 本次奖励:1 => 累计分数:1
2020-07-10 17:12:41:INFO:步数:200 => 探索期 => epsilon:0.09325674999999907 => 本次行为:1 => 本次奖励:0.1 => 累计分数:0
2020-07-10 17:12:58:INFO:步数:283 => 探索期 => epsilon:0.0891108999999985 => 本次行为:0 => 本次奖励:1 => 累计分数:1
2020-07-10 17:13:00:INFO:步数:300 => 探索期 => epsilon:0.08826174999999838 => 本次行为:0 => 本次奖励:0.1 => 累计分数:1
2020-07-10 17:13:06:INFO:步数:319 => 探索期 => epsilon:0.08731269999999824 => 本次行为:0 => 本次奖励:1 => 累计分数:2
2020-07-10 17:13:40:DEBUG:physical GPU:0
2020-07-10 17:13:40:DEBUG:logical GPU:0
2020-07-10 17:13:40:DEBUG:physical CPU:1
2020-07-10 17:13:40:WARNING:There are non-GPU devices in `tf.distribute.Strategy`, not using nccl allreduce.
2020-07-10 17:13:40:INFO:Using MirroredStrategy with devices ('/job:localhost/replica:0/task:0/device:CPU:0',)
2020-07-10 17:13:40:INFO:分布式策略可使用设备数量:1
2020-07-10 17:13:41:INFO:加载模型
2020-07-10 17:13:47:INFO:步数:60 => 观察期 => epsilon:0.1 => 本次行为:0 => 本次奖励:1 => 累计分数:1
2020-07-10 17:13:54:INFO:步数:96 => 探索期 => epsilon:0.09845154999999979 => 本次行为:0 => 本次奖励:1 => 累计分数:2
2020-07-10 17:13:56:INFO:步数:100 => 探索期 => epsilon:0.09825174999999976 => 本次行为:1 => 本次奖励:0.1 => 累计分数:0
2020-07-10 17:14:14:INFO:步数:200 => 探索期 => epsilon:0.09325674999999907 => 本次行为:0 => 本次奖励:0.1 => 累计分数:0
2020-07-10 17:14:17:INFO:步数:210 => 探索期 => epsilon:0.092757249999999 => 本次行为:0 => 本次奖励:1 => 累计分数:1
2020-07-10 17:16:22:DEBUG:physical GPU:0
2020-07-10 17:16:22:DEBUG:logical GPU:0
2020-07-10 17:16:22:DEBUG:physical CPU:1
2020-07-10 17:16:22:WARNING:There are non-GPU devices in `tf.distribute.Strategy`, not using nccl allreduce.
2020-07-10 17:16:22:INFO:Using MirroredStrategy with devices ('/job:localhost/replica:0/task:0/device:CPU:0',)
2020-07-10 17:16:22:INFO:分布式策略可使用设备数量:1
2020-07-10 17:16:23:INFO:加载模型
2020-07-10 17:16:32:INFO:步数:100 => 观察期 => epsilon:0.1 => 本次行为:0 => 本次奖励:0.1 => 累计分数:0
2020-07-10 17:16:36:INFO:步数:160 => 观察期 => epsilon:0.1 => 本次行为:0 => 本次奖励:1 => 累计分数:1
2020-07-10 17:16:38:INFO:步数:200 => 观察期 => epsilon:0.1 => 本次行为:0 => 本次奖励:0.1 => 累计分数:0
2020-07-10 17:16:43:INFO:步数:300 => 观察期 => epsilon:0.1 => 本次行为:1 => 本次奖励:0.1 => 累计分数:0
2020-07-10 17:16:45:INFO:步数:313 => 观察期 => epsilon:0.1 => 本次行为:0 => 本次奖励:1 => 累计分数:1
2020-07-10 17:16:50:INFO:步数:400 => 观察期 => epsilon:0.1 => 本次行为:1 => 本次奖励:0.1 => 累计分数:0
2020-07-10 17:16:54:INFO:步数:456 => 观察期 => epsilon:0.1 => 本次行为:0 => 本次奖励:1 => 累计分数:1
2020-07-10 17:16:56:INFO:步数:500 => 观察期 => epsilon:0.1 => 本次行为:0 => 本次奖励:0.1 => 累计分数:0
2020-07-10 17:16:58:INFO:步数:520 => 观察期 => epsilon:0.1 => 本次行为:0 => 本次奖励:1 => 累计分数:1
2020-07-10 17:17:01:INFO:步数:556 => 观察期 => epsilon:0.1 => 本次行为:0 => 本次奖励:1 => 累计分数:2
2020-07-10 17:17:04:INFO:步数:594 => 观察期 => epsilon:0.1 => 本次行为:0 => 本次奖励:1 => 累计分数:3
2020-07-10 17:17:04:INFO:步数:600 => 观察期 => epsilon:0.1 => 本次行为:0 => 本次奖励:0.1 => 累计分数:3
2020-07-10 17:17:06:INFO:步数:630 => 观察期 => epsilon:0.1 => 本次行为:0 => 本次奖励:1 => 累计分数:4
2020-07-10 17:17:11:INFO:步数:696 => 观察期 => epsilon:0.1 => 本次行为:0 => 本次奖励:1 => 累计分数:1
2020-07-10 17:17:12:INFO:步数:700 => 观察期 => epsilon:0.1 => 本次行为:1 => 本次奖励:0.1 => 累计分数:1
2020-07-10 17:17:18:INFO:步数:800 => 观察期 => epsilon:0.1 => 本次行为:0 => 本次奖励:0.1 => 累计分数:0
2020-07-10 17:17:20:INFO:步数:816 => 观察期 => epsilon:0.1 => 本次行为:1 => 本次奖励:1 => 累计分数:1
2020-07-10 17:17:24:INFO:步数:900 => 观察期 => epsilon:0.1 => 本次行为:0 => 本次奖励:0.1 => 累计分数:0
2020-07-10 17:17:26:INFO:步数:902 => 观察期 => epsilon:0.1 => 本次行为:0 => 本次奖励:1 => 累计分数:1
2020-07-10 17:17:32:INFO:步数:988 => 观察期 => epsilon:0.1 => 本次行为:0 => 本次奖励:1 => 累计分数:1
2020-07-10 17:17:34:INFO:步数:1000 => 观察期 => epsilon:0.1 => 本次行为:0 => 本次奖励:0.1 => 累计分数:0
2020-07-10 17:17:37:INFO:步数:1055 => 观察期 => epsilon:0.1 => 本次行为:0 => 本次奖励:1 => 累计分数:1
2020-07-10 17:17:39:INFO:步数:1091 => 观察期 => epsilon:0.1 => 本次行为:0 => 本次奖励:1 => 累计分数:2
2020-07-10 17:17:40:INFO:步数:1100 => 观察期 => epsilon:0.1 => 本次行为:0 => 本次奖励:0.1 => 累计分数:2
2020-07-10 17:17:42:INFO:步数:1129 => 观察期 => epsilon:0.1 => 本次行为:0 => 本次奖励:1 => 累计分数:3
2020-07-10 17:17:46:INFO:步数:1200 => 观察期 => epsilon:0.1 => 本次行为:0 => 本次奖励:0.1 => 累计分数:0
2020-07-10 17:17:48:INFO:步数:1214 => 观察期 => epsilon:0.1 => 本次行为:0 => 本次奖励:1 => 累计分数:1
2020-07-10 17:17:53:INFO:步数:1281 => 观察期 => epsilon:0.1 => 本次行为:0 => 本次奖励:1 => 累计分数:1
2020-07-10 17:17:54:INFO:步数:1300 => 观察期 => epsilon:0.1 => 本次行为:0 => 本次奖励:0.1 => 累计分数:1
2020-07-10 17:18:00:INFO:步数:1400 => 观察期 => epsilon:0.1 => 本次行为:0 => 本次奖励:0.1 => 累计分数:0
2020-07-10 17:18:02:INFO:步数:1428 => 观察期 => epsilon:0.1 => 本次行为:0 => 本次奖励:1 => 累计分数:1
2020-07-10 17:18:06:INFO:步数:1500 => 观察期 => epsilon:0.1 => 本次行为:0 => 本次奖励:0.1 => 累计分数:0
2020-07-10 17:18:12:INFO:步数:1600 => 观察期 => epsilon:0.1 => 本次行为:0 => 本次奖励:0.1 => 累计分数:0
2020-07-10 17:18:14:INFO:步数:1632 => 观察期 => epsilon:0.1 => 本次行为:0 => 本次奖励:1 => 累计分数:1
2020-07-10 17:18:18:INFO:步数:1700 => 观察期 => epsilon:0.1 => 本次行为:0 => 本次奖励:0.1 => 累计分数:0
2020-07-10 17:18:24:INFO:步数:1778 => 观察期 => epsilon:0.1 => 本次行为:0 => 本次奖励:1 => 累计分数:1
2020-07-10 17:18:26:INFO:步数:1800 => 观察期 => epsilon:0.1 => 本次行为:0 => 本次奖励:0.1 => 累计分数:0
2020-07-10 17:18:29:INFO:步数:1843 => 观察期 => epsilon:0.1 => 本次行为:0 => 本次奖励:1 => 累计分数:1
2020-07-10 17:18:32:INFO:步数:1900 => 观察期 => epsilon:0.1 => 本次行为:0 => 本次奖励:0.1 => 累计分数:0
2020-07-10 17:18:38:INFO:步数:1965 => 观察期 => epsilon:0.1 => 本次行为:1 => 本次奖励:1 => 累计分数:1
2020-07-10 17:18:39:INFO:步数:2000 => 观察期 => epsilon:0.1 => 本次行为:0 => 本次奖励:0.1 => 累计分数:1
2020-07-10 17:18:40:INFO:步数:2001 => 观察期 => epsilon:0.1 => 本次行为:0 => 本次奖励:1 => 累计分数:2
2020-07-10 17:18:46:INFO:步数:2100 => 观察期 => epsilon:0.1 => 本次行为:0 => 本次奖励:0.1 => 累计分数:0
2020-07-10 17:18:52:INFO:步数:2200 => 观察期 => epsilon:0.1 => 本次行为:1 => 本次奖励:0.1 => 累计分数:0
2020-07-10 17:18:57:INFO:步数:2300 => 观察期 => epsilon:0.1 => 本次行为:0 => 本次奖励:0.1 => 累计分数:0
2020-07-10 17:18:59:INFO:步数:2312 => 观察期 => epsilon:0.1 => 本次行为:0 => 本次奖励:1 => 累计分数:1
2020-07-10 17:19:04:INFO:步数:2398 => 观察期 => epsilon:0.1 => 本次行为:0 => 本次奖励:1 => 累计分数:1
2020-07-10 17:19:04:INFO:步数:2400 => 观察期 => epsilon:0.1 => 本次行为:0 => 本次奖励:0.1 => 累计分数:1
2020-07-10 17:19:11:INFO:步数:2500 => 观察期 => epsilon:0.1 => 本次行为:0 => 本次奖励:0.1 => 累计分数:0
2020-07-10 17:19:13:INFO:步数:2537 => 观察期 => epsilon:0.1 => 本次行为:0 => 本次奖励:1 => 累计分数:1
2020-07-10 17:19:16:INFO:步数:2573 => 观察期 => epsilon:0.1 => 本次行为:0 => 本次奖励:1 => 累计分数:2
2020-07-10 17:19:17:INFO:步数:2600 => 观察期 => epsilon:0.1 => 本次行为:0 => 本次奖励:0.1 => 累计分数:2
2020-07-10 17:19:19:INFO:步数:2611 => 观察期 => epsilon:0.1 => 本次行为:1 => 本次奖励:1 => 累计分数:3
2020-07-10 17:19:25:INFO:步数:2700 => 观察期 => epsilon:0.1 => 本次行为:0 => 本次奖励:0.1 => 累计分数:0
2020-07-10 17:19:30:INFO:步数:2787 => 观察期 => epsilon:0.1 => 本次行为:0 => 本次奖励:1 => 累计分数:1
2020-07-10 17:19:31:INFO:步数:2800 => 观察期 => epsilon:0.1 => 本次行为:0 => 本次奖励:0.1 => 累计分数:1
2020-07-10 17:19:37:INFO:步数:2900 => 观察期 => epsilon:0.1 => 本次行为:0 => 本次奖励:0.1 => 累计分数:0
2020-07-10 17:19:40:INFO:步数:2929 => 观察期 => epsilon:0.1 => 本次行为:0 => 本次奖励:1 => 累计分数:1
2020-07-10 17:19:45:INFO:步数:2991 => 观察期 => epsilon:0.1 => 本次行为:0 => 本次奖励:1 => 累计分数:1
2020-07-10 17:19:45:INFO:步数:3000 => 观察期 => epsilon:0.1 => 本次行为:0 => 本次奖励:0.1 => 累计分数:1
2020-07-10 17:19:48:INFO:步数:3027 => 观察期 => epsilon:0.1 => 本次行为:0 => 本次奖励:1 => 累计分数:2
2020-07-10 17:19:52:INFO:步数:3100 => 观察期 => epsilon:0.1 => 本次行为:0 => 本次奖励:0.1 => 累计分数:0
2020-07-10 17:19:57:INFO:步数:3166 => 观察期 => epsilon:0.1 => 本次行为:0 => 本次奖励:1 => 累计分数:1
2020-07-10 17:20:00:INFO:步数:3200 => 观察期 => epsilon:0.1 => 本次行为:0 => 本次奖励:0.1 => 累计分数:0
2020-07-10 17:20:03:INFO:步数:3232 => 观察期 => epsilon:0.1 => 本次行为:0 => 本次奖励:1 => 累计分数:1
2020-07-10 17:20:08:INFO:步数:3300 => 观察期 => epsilon:0.1 => 本次行为:0 => 本次奖励:0.1 => 累计分数:0
2020-07-10 17:20:11:INFO:步数:3339 => 观察期 => epsilon:0.1 => 本次行为:0 => 本次奖励:1 => 累计分数:1
2020-07-10 17:20:16:INFO:步数:3400 => 观察期 => epsilon:0.1 => 本次行为:0 => 本次奖励:0.1 => 累计分数:0
2020-07-10 17:20:23:INFO:步数:3500 => 观察期 => epsilon:0.1 => 本次行为:0 => 本次奖励:0.1 => 累计分数:0
2020-07-10 17:20:26:INFO:步数:3536 => 观察期 => epsilon:0.1 => 本次行为:0 => 本次奖励:1 => 累计分数:1
2020-07-10 17:20:28:INFO:步数:3572 => 观察期 => epsilon:0.1 => 本次行为:0 => 本次奖励:1 => 累计分数:2
2020-07-10 17:20:31:INFO:步数:3600 => 观察期 => epsilon:0.1 => 本次行为:0 => 本次奖励:0.1 => 累计分数:0
2020-07-10 17:20:36:INFO:步数:3693 => 观察期 => epsilon:0.1 => 本次行为:0 => 本次奖励:1 => 累计分数:1
2020-07-10 17:20:37:INFO:步数:3700 => 观察期 => epsilon:0.1 => 本次行为:0 => 本次奖励:0.1 => 累计分数:1
2020-07-10 17:20:42:INFO:步数:3779 => 观察期 => epsilon:0.1 => 本次行为:0 => 本次奖励:1 => 累计分数:1
2020-07-10 17:20:43:INFO:步数:3800 => 观察期 => epsilon:0.1 => 本次行为:0 => 本次奖励:0.1 => 累计分数:1
2020-07-14 14:11:36:DEBUG:physical GPU:0
2020-07-14 14:11:36:DEBUG:logical GPU:0
2020-07-14 14:11:36:DEBUG:physical CPU:1
2020-07-14 14:11:36:WARNING:There are non-GPU devices in `tf.distribute.Strategy`, not using nccl allreduce.
2020-07-14 14:11:36:INFO:Using MirroredStrategy with devices ('/job:localhost/replica:0/task:0/device:CPU:0',)
2020-07-14 14:11:36:INFO:分布式策略可使用设备数量:1
2020-07-14 14:13:40:INFO:创建模型
2020-07-14 14:17:18:DEBUG:diff parser start
2020-07-14 14:17:18:DEBUG:line_lengths old: 15; new: 3
2020-07-14 14:17:18:DEBUG:-> code[replace] old[1:15] new[1:3]
2020-07-14 14:17:18:DEBUG:parse_part from 1 to 3 (to 2 in part parser)
2020-07-14 14:17:18:DEBUG:diff parser end
2020-07-14 14:17:19:DEBUG:pickle loaded: C:\Users\zfe5szh\Anaconda3\envs\tf2\lib\site-packages\jedi\third_party\typeshed\stdlib\2and3\builtins.pyi
2020-07-14 14:17:19:DEBUG:pickle loaded: C:\Users\zfe5szh\Anaconda3\envs\tf2\lib\site-packages\jedi\third_party\typeshed\stdlib\3\sys.pyi
2020-07-14 14:17:21:DEBUG:diff parser start
2020-07-14 14:17:21:DEBUG:line_lengths old: 3; new: 3
2020-07-14 14:17:21:DEBUG:-> code[equal] old[1:2] new[1:2]
2020-07-14 14:17:21:DEBUG:parse_part from 1 to 3 (to 2 in part parser)
2020-07-14 14:17:21:DEBUG:-> code[replace] old[3:3] new[3:3]
2020-07-14 14:17:21:DEBUG:diff parser end
2020-07-14 14:17:21:DEBUG:diff parser start
2020-07-14 14:17:21:DEBUG:line_lengths old: 3; new: 3
2020-07-14 14:17:21:DEBUG:-> code[equal] old[1:2] new[1:2]
2020-07-14 14:17:21:DEBUG:parse_part from 1 to 3 (to 2 in part parser)
2020-07-14 14:17:21:DEBUG:-> code[replace] old[3:3] new[3:3]
2020-07-14 14:17:21:DEBUG:diff parser end
2020-07-14 14:17:21:DEBUG:diff parser start
2020-07-14 14:17:21:DEBUG:line_lengths old: 3; new: 3
2020-07-14 14:17:21:DEBUG:-> code[equal] old[1:2] new[1:2]
2020-07-14 14:17:21:DEBUG:parse_part from 1 to 3 (to 2 in part parser)
2020-07-14 14:17:21:DEBUG:-> code[replace] old[3:3] new[3:3]
2020-07-14 14:17:21:DEBUG:diff parser end
2020-07-14 14:17:22:DEBUG:diff parser start
2020-07-14 14:17:22:DEBUG:line_lengths old: 3; new: 3
2020-07-14 14:17:22:DEBUG:-> code[equal] old[1:2] new[1:2]
2020-07-14 14:17:22:DEBUG:parse_part from 1 to 3 (to 2 in part parser)
2020-07-14 14:17:22:DEBUG:-> code[replace] old[3:3] new[3:3]
2020-07-14 14:17:22:DEBUG:diff parser end
2020-07-14 14:17:41:DEBUG:diff parser start
2020-07-14 14:17:41:DEBUG:line_lengths old: 3; new: 4
2020-07-14 14:17:41:DEBUG:-> code[replace] old[1:3] new[1:4]
2020-07-14 14:17:41:DEBUG:parse_part from 1 to 4 (to 3 in part parser)
2020-07-14 14:17:41:DEBUG:diff parser end
2020-07-14 14:19:47:DEBUG:diff parser start
2020-07-14 14:19:47:DEBUG:line_lengths old: 4; new: 2
2020-07-14 14:19:47:DEBUG:-> code[replace] old[1:4] new[1:2]
2020-07-14 14:19:47:DEBUG:parse_part from 1 to 2 (to 1 in part parser)
2020-07-14 14:19:47:DEBUG:diff parser end
2020-07-14 14:19:54:DEBUG:diff parser start
2020-07-14 14:19:54:DEBUG:line_lengths old: 2; new: 2
2020-07-14 14:19:54:DEBUG:-> code[equal] old[1:1] new[1:1]
2020-07-14 14:19:54:DEBUG:parse_part from 1 to 2 (to 1 in part parser)
2020-07-14 14:19:54:DEBUG:-> code[replace] old[2:2] new[2:2]
2020-07-14 14:19:54:DEBUG:diff parser end
2020-07-14 14:20:11:INFO:创建模型
2020-07-14 14:20:20:INFO:步数:100 => 观察期 => epsilon:0.1 => 本次行为:0 => 本次奖励:0.1 => 累计分数:0
2020-07-14 14:20:23:INFO:步数:147 => 观察期 => epsilon:0.1 => 本次行为:0 => 本次奖励:1 => 累计分数:1
2020-07-14 14:20:25:INFO:步数:183 => 观察期 => epsilon:0.1 => 本次行为:0 => 本次奖励:1 => 累计分数:2
2020-07-14 14:20:27:INFO:步数:200 => 观察期 => epsilon:0.1 => 本次行为:0 => 本次奖励:0.1 => 累计分数:0
2020-07-14 14:20:33:INFO:步数:300 => 观察期 => epsilon:0.1 => 本次行为:0 => 本次奖励:0.1 => 累计分数:0
2020-07-14 14:20:43:INFO:步数:400 => 观察期 => epsilon:0.1 => 本次行为:0 => 本次奖励:0.1 => 累计分数:0
2020-07-14 14:20:45:INFO:步数:434 => 观察期 => epsilon:0.1 => 本次行为:0 => 本次奖励:1 => 累计分数:1
2020-07-14 14:20:51:INFO:步数:500 => 观察期 => epsilon:0.1 => 本次行为:0 => 本次奖励:0.1 => 累计分数:0
2020-07-14 14:20:58:INFO:步数:600 => 观察期 => epsilon:0.1 => 本次行为:0 => 本次奖励:0.1 => 累计分数:0
2020-07-14 14:21:08:INFO:步数:700 => 观察期 => epsilon:0.1 => 本次行为:0 => 本次奖励:0.1 => 累计分数:0
2020-07-14 14:21:14:INFO:步数:800 => 观察期 => epsilon:0.1 => 本次行为:0 => 本次奖励:0.1 => 累计分数:0
2020-07-14 14:21:17:INFO:步数:831 => 观察期 => epsilon:0.1 => 本次行为:0 => 本次奖励:1 => 累计分数:1
2020-07-14 14:21:21:INFO:步数:900 => 观察期 => epsilon:0.1 => 本次行为:0 => 本次奖励:0.1 => 累计分数:0
2020-07-14 14:21:30:INFO:步数:1000 => 观察期 => epsilon:0.1 => 本次行为:0 => 本次奖励:0.1 => 累计分数:0
2020-07-14 14:21:36:INFO:步数:1100 => 观察期 => epsilon:0.1 => 本次行为:0 => 本次奖励:0.1 => 累计分数:0
2020-07-14 14:21:43:INFO:步数:1200 => 观察期 => epsilon:0.1 => 本次行为:0 => 本次奖励:0.1 => 累计分数:0
2020-07-14 14:21:51:INFO:步数:1300 => 观察期 => epsilon:0.1 => 本次行为:0 => 本次奖励:0.1 => 累计分数:0
2020-07-14 14:21:55:INFO:步数:1350 => 观察期 => epsilon:0.1 => 本次行为:1 => 本次奖励:1 => 累计分数:1
2020-07-14 14:21:59:INFO:步数:1400 => 观察期 => epsilon:0.1 => 本次行为:0 => 本次奖励:0.1 => 累计分数:0
2020-07-14 14:22:06:INFO:步数:1500 => 观察期 => epsilon:0.1 => 本次行为:0 => 本次奖励:0.1 => 累计分数:0
2020-07-14 14:22:13:INFO:步数:1600 => 观察期 => epsilon:0.1 => 本次行为:1 => 本次奖励:0.1 => 累计分数:0
2020-07-14 14:22:22:INFO:步数:1700 => 观察期 => epsilon:0.1 => 本次行为:0 => 本次奖励:0.1 => 累计分数:0
2020-07-14 14:22:29:INFO:步数:1800 => 观察期 => epsilon:0.1 => 本次行为:0 => 本次奖励:0.1 => 累计分数:0
2020-07-14 14:22:36:INFO:步数:1900 => 观察期 => epsilon:0.1 => 本次行为:0 => 本次奖励:0.1 => 累计分数:0
2020-07-14 14:22:44:INFO:步数:2000 => 观察期 => epsilon:0.1 => 本次行为:0 => 本次奖励:0.1 => 累计分数:0
2020-07-14 14:22:50:INFO:步数:2100 => 观察期 => epsilon:0.1 => 本次行为:0 => 本次奖励:0.1 => 累计分数:0
2020-07-14 14:22:59:INFO:步数:2200 => 观察期 => epsilon:0.1 => 本次行为:0 => 本次奖励:0.1 => 累计分数:0
2020-07-14 14:23:07:INFO:步数:2300 => 观察期 => epsilon:0.1 => 本次行为:1 => 本次奖励:0.1 => 累计分数:0
2020-07-14 14:23:14:INFO:步数:2400 => 观察期 => epsilon:0.1 => 本次行为:0 => 本次奖励:0.1 => 累计分数:0
2020-07-14 14:23:22:INFO:步数:2500 => 观察期 => epsilon:0.1 => 本次行为:0 => 本次奖励:0.1 => 累计分数:0
2020-07-14 14:23:29:INFO:步数:2600 => 观察期 => epsilon:0.1 => 本次行为:0 => 本次奖励:0.1 => 累计分数:0
2020-07-14 14:23:40:INFO:步数:2700 => 观察期 => epsilon:0.1 => 本次行为:0 => 本次奖励:0.1 => 累计分数:0
2020-07-14 14:23:46:INFO:步数:2800 => 观察期 => epsilon:0.1 => 本次行为:0 => 本次奖励:0.1 => 累计分数:0
2020-07-14 14:23:54:INFO:步数:2900 => 观察期 => epsilon:0.1 => 本次行为:0 => 本次奖励:0.1 => 累计分数:0
2020-07-16 10:39:54:DEBUG:physical GPU:0
2020-07-16 10:39:55:DEBUG:logical GPU:0
2020-07-16 10:39:55:DEBUG:physical CPU:1
2020-07-16 10:39:55:WARNING:There are non-GPU devices in `tf.distribute.Strategy`, not using nccl allreduce.
2020-07-16 10:39:55:INFO:Using MirroredStrategy with devices ('/job:localhost/replica:0/task:0/device:CPU:0',)
2020-07-16 10:39:55:INFO:分布式策略可使用设备数量:1
2020-07-16 10:40:16:INFO:创建模型
2020-07-16 10:40:27:INFO:步数:100 => 观察期 => epsilon:0.1 => 本次行为:1 => 本次奖励:0.1 => 累计分数:0
2020-07-16 10:40:35:INFO:步数:200 => 观察期 => epsilon:0.1 => 本次行为:1 => 本次奖励:0.1 => 累计分数:0
2020-07-16 10:40:43:INFO:步数:300 => 观察期 => epsilon:0.1 => 本次行为:0 => 本次奖励:0.1 => 累计分数:0
2020-07-16 10:40:51:INFO:步数:400 => 观察期 => epsilon:0.1 => 本次行为:1 => 本次奖励:0.1 => 累计分数:0
2020-07-16 10:40:58:INFO:步数:500 => 观察期 => epsilon:0.1 => 本次行为:0 => 本次奖励:0.1 => 累计分数:0
2020-07-16 10:41:07:INFO:步数:600 => 观察期 => epsilon:0.1 => 本次行为:1 => 本次奖励:0.1 => 累计分数:0
2020-07-16 10:41:14:INFO:步数:700 => 观察期 => epsilon:0.1 => 本次行为:1 => 本次奖励:0.1 => 累计分数:0
2020-07-16 10:41:24:INFO:步数:800 => 观察期 => epsilon:0.1 => 本次行为:1 => 本次奖励:0.1 => 累计分数:0
2020-07-16 10:41:31:INFO:步数:900 => 观察期 => epsilon:0.1 => 本次行为:1 => 本次奖励:0.1 => 累计分数:0
2020-07-16 10:41:41:INFO:步数:1000 => 观察期 => epsilon:0.1 => 本次行为:1 => 本次奖励:0.1 => 累计分数:0
